-- Found ament_cmake: 1.3.11 (/opt/ros/humble/share/ament_cmake/cmake)
-- Found rclcpp: 16.0.11 (/opt/ros/humble/share/rclcpp/cmake)
-- Found rosidl_generator_c: 3.1.6 (/opt/ros/humble/share/rosidl_generator_c/cmake)
-- Found rosidl_adapter: 3.1.6 (/opt/ros/humble/share/rosidl_adapter/cmake)
-- Found rosidl_generator_cpp: 3.1.6 (/opt/ros/humble/share/rosidl_generator_cpp/cmake)
-- Using all available rosidl_typesupport_c: rosidl_typesupport_fastrtps_c;rosidl_typesupport_introspection_c
-- Using all available rosidl_typesupport_cpp: rosidl_typesupport_fastrtps_cpp;rosidl_typesupport_introspection_cpp
-- Found rmw_implementation_cmake: 6.1.2 (/opt/ros/humble/share/rmw_implementation_cmake/cmake)
-- Found rmw_fastrtps_cpp: 6.2.7 (/opt/ros/humble/share/rmw_fastrtps_cpp/cmake)
-- Using RMW implementation 'rmw_fastrtps_cpp' as default
-- Found sensor_msgs: 4.2.4 (/opt/ros/humble/share/sensor_msgs/cmake)
-- Found ament_lint_auto: 0.12.11 (/opt/ros/humble/share/ament_lint_auto/cmake)
-- Added test 'cppcheck' to perform static code analysis on C / C++ code
-- Configured cppcheck include dirs: $<BUILD_INTERFACE:/home/samuel/hello_robot/src/hello_robot_package/include>
-- Configured cppcheck exclude dirs and/or files: 
-- Added test 'lint_cmake' to check CMake code style
-- Added test 'uncrustify' to check C / C++ code style
-- Configured uncrustify additional arguments: 
-- Added test 'xmllint' to check XML markup files
-- Configuring done
-- Generating done
-- Build files have been written to: /home/samuel/hello_robot/src/build/hello_robot_package
[ 50%] [32mBuilding CXX object CMakeFiles/hello_robot_node.dir/src/hello_robot_node.cpp.o[0m
[01m[K/home/samuel/hello_robot/src/hello_robot_package/src/hello_robot_node.cpp:[m[K In constructor â€˜[01m[KHelloRobot::HelloRobot()[m[Kâ€™:
[01m[K/home/samuel/hello_robot/src/hello_robot_package/src/hello_robot_node.cpp:15:7:[m[K [01;31m[Kerror: [m[Kâ€˜[01m[Khello_pub[m[Kâ€™ was not declared in this scope
   15 |       [01;31m[Khello_pub[m[K = this->create_publisher<sensor_msgs::msg::JointState>("joint_command", 10); //10 is the buffer size for the messages
      |       [01;31m[K^~~~~~~~~[m[K
[01m[K/home/samuel/hello_robot/src/hello_robot_package/src/hello_robot_node.cpp:28:20:[m[K [01;31m[Kerror: [m[Kâ€˜[01m[KSawyerRobot[m[Kâ€™ has not been declared
   28 |         std::bind(&[01;31m[KSawyerRobot[m[K::jointCallback, this)); // second argument: the callback function that's called every time the timer triggers
      |                    [01;31m[K^~~~~~~~~~~[m[K
[01m[K/home/samuel/hello_robot/src/hello_robot_package/src/hello_robot_node.cpp:[m[K In member function â€˜[01m[Kvoid HelloRobot::jointCallback()[m[Kâ€™:
[01m[K/home/samuel/hello_robot/src/hello_robot_package/src/hello_robot_node.cpp:53:7:[m[K [01;31m[Kerror: [m[Kâ€˜[01m[Khello_pub[m[Kâ€™ was not declared in this scope
   53 |       [01;31m[Khello_pub[m[K->publish(joint_message); // IMPORTANT - publish the message
      |       [01;31m[K^~~~~~~~~[m[K
gmake[2]: *** [CMakeFiles/hello_robot_node.dir/build.make:76: CMakeFiles/hello_robot_node.dir/src/hello_robot_node.cpp.o] Error 1
gmake[1]: *** [CMakeFiles/Makefile2:137: CMakeFiles/hello_robot_node.dir/all] Error 2
gmake: *** [Makefile:146: all] Error 2
