[0.010s] Invoking command in '/home/samuel/hello_robot/build/hello_robot_package': CMAKE_PREFIX_PATH=${CMAKE_PREFIX_PATH}:/opt/ros/humble /usr/bin/cmake --build /home/samuel/hello_robot/build/hello_robot_package -- -j16 -l16
[0.032s] -- Found ament_cmake: 1.3.11 (/opt/ros/humble/share/ament_cmake/cmake)
[0.137s] -- Found rclcpp: 16.0.11 (/opt/ros/humble/share/rclcpp/cmake)
[0.161s] -- Found rosidl_generator_c: 3.1.6 (/opt/ros/humble/share/rosidl_generator_c/cmake)
[0.163s] -- Found rosidl_adapter: 3.1.6 (/opt/ros/humble/share/rosidl_adapter/cmake)
[0.168s] -- Found rosidl_generator_cpp: 3.1.6 (/opt/ros/humble/share/rosidl_generator_cpp/cmake)
[0.175s] -- Using all available rosidl_typesupport_c: rosidl_typesupport_fastrtps_c;rosidl_typesupport_introspection_c
[0.186s] -- Using all available rosidl_typesupport_cpp: rosidl_typesupport_fastrtps_cpp;rosidl_typesupport_introspection_cpp
[0.216s] -- Found rmw_implementation_cmake: 6.1.2 (/opt/ros/humble/share/rmw_implementation_cmake/cmake)
[0.217s] -- Found rmw_fastrtps_cpp: 6.2.7 (/opt/ros/humble/share/rmw_fastrtps_cpp/cmake)
[0.306s] -- Using RMW implementation 'rmw_fastrtps_cpp' as default
[0.350s] -- Found geometry_msgs: 4.2.4 (/opt/ros/humble/share/geometry_msgs/cmake)
[0.361s] -- Found sensor_msgs: 4.2.4 (/opt/ros/humble/share/sensor_msgs/cmake)
[0.390s] -- Found vision_msgs: 4.1.1 (/opt/ros/humble/share/vision_msgs/cmake)
[0.545s] -- Found ament_lint_auto: 0.12.11 (/opt/ros/humble/share/ament_lint_auto/cmake)
[0.619s] -- Added test 'cppcheck' to perform static code analysis on C / C++ code
[0.619s] -- Configured cppcheck include dirs: $<BUILD_INTERFACE:/home/samuel/hello_robot/src/hello_robot_package/include>
[0.619s] -- Configured cppcheck exclude dirs and/or files: 
[0.619s] -- Added test 'flake8' to check Python code syntax and style conventions
[0.620s] -- Added test 'lint_cmake' to check CMake code style
[0.620s] -- Added test 'pep257' to check Python code against some of the docstring style conventions in PEP 257
[0.621s] -- Added test 'uncrustify' to check C / C++ code style
[0.621s] -- Configured uncrustify additional arguments: 
[0.621s] -- Added test 'xmllint' to check XML markup files
[0.622s] -- Configuring done
[0.631s] -- Generating done
[0.635s] -- Build files have been written to: /home/samuel/hello_robot/build/hello_robot_package
[0.658s] [35m[1mConsolidate compiler generated dependencies of target hello_robot_node[0m
[0.678s] [ 50%] [32mBuilding CXX object CMakeFiles/hello_robot_node.dir/src/hello_robot_node.cpp.o[0m
[3.602s] [01m[K/home/samuel/hello_robot/src/hello_robot_package/src/hello_robot_node.cpp:[m[K In constructor â€˜[01m[KHumanFollowRobot::HumanFollowRobot()[m[Kâ€™:
[3.602s] [01m[K/home/samuel/hello_robot/src/hello_robot_package/src/hello_robot_node.cpp:34:42:[m[K [01;31m[Kerror: [m[Kâ€˜[01m[Kcontrol_loop[m[Kâ€™ is not a member of â€˜[01m[KHumanFollowRobot[m[Kâ€™
[3.602s]    34 |             std::bind(&HumanFollowRobot::[01;31m[Kcontrol_loop[m[K, this)
[3.602s]       |                                          [01;31m[K^~~~~~~~~~~~[m[K
[3.612s] [01m[K/home/samuel/hello_robot/src/hello_robot_package/src/hello_robot_node.cpp:[m[K In member function â€˜[01m[Kvoid HumanFollowRobot::detection_callback(vision_msgs::msg::Detection2DArray_<std::allocator<void> >::SharedPtr)[m[Kâ€™:
[3.612s] [01m[K/home/samuel/hello_robot/src/hello_robot_package/src/hello_robot_node.cpp:43:9:[m[K [01;31m[Kerror: [m[Kâ€˜[01m[Kupdate_state[m[Kâ€™ was not declared in this scope
[3.612s]    43 |         [01;31m[Kupdate_state[m[K();
[3.612s]       |         [01;31m[K^~~~~~~~~~~~[m[K
[5.778s] gmake[2]: *** [CMakeFiles/hello_robot_node.dir/build.make:76: CMakeFiles/hello_robot_node.dir/src/hello_robot_node.cpp.o] Error 1
[5.779s] gmake[1]: *** [CMakeFiles/Makefile2:137: CMakeFiles/hello_robot_node.dir/all] Error 2
[5.779s] gmake: *** [Makefile:146: all] Error 2
[5.781s] Invoked command in '/home/samuel/hello_robot/build/hello_robot_package' returned '2': CMAKE_PREFIX_PATH=${CMAKE_PREFIX_PATH}:/opt/ros/humble /usr/bin/cmake --build /home/samuel/hello_robot/build/hello_robot_package -- -j16 -l16
